[2023-07-03 18:09:46] Текст ошибки: Undefined variable $test | Файл: C:\OSPanel\domains\new-ishop.loc\public\index.php | Строка: 11
==========
[2023-07-03 18:09:46] Текст ошибки: Undefined variable $test | Файл: C:\OSPanel\domains\new-ishop.loc\public\index.php | Строка: 11
==========
[2023-07-03 18:11:13] Текст ошибки: Undefined variable $test | Файл: C:\OSPanel\domains\new-ishop.loc\public\index.php | Строка: 11
==========
[2023-07-03 18:11:13] Текст ошибки: Undefined variable $test | Файл: C:\OSPanel\domains\new-ishop.loc\public\index.php | Строка: 11
==========
[2023-07-03 18:11:14] Текст ошибки: Undefined variable $test | Файл: C:\OSPanel\domains\new-ishop.loc\public\index.php | Строка: 11
==========
[2023-07-03 18:11:14] Текст ошибки: Undefined variable $test | Файл: C:\OSPanel\domains\new-ishop.loc\public\index.php | Строка: 11
==========
[2023-07-03 18:12:51] Текст ошибки: Возникла ошибка! | Файл: C:\OSPanel\domains\new-ishop.loc\public\index.php | Строка: 10
==========
[2023-07-03 18:12:51] Текст ошибки: Возникла ошибка! | Файл: C:\OSPanel\domains\new-ishop.loc\public\index.php | Строка: 10
==========
[2023-07-03 18:13:13] Текст ошибки: Возникла ошибка! | Файл: C:\OSPanel\domains\new-ishop.loc\public\index.php | Строка: 10
==========
[2023-07-03 18:13:13] Текст ошибки: Возникла ошибка! | Файл: C:\OSPanel\domains\new-ishop.loc\public\index.php | Строка: 10
==========
[2023-07-03 18:14:07] Текст ошибки: Возникла ошибка! | Файл: C:\OSPanel\domains\new-ishop.loc\public\index.php | Строка: 10
==========
[2023-07-03 18:14:07] Текст ошибки: Возникла ошибка! | Файл: C:\OSPanel\domains\new-ishop.loc\public\index.php | Строка: 10
==========
[2023-07-03 18:15:34] Текст ошибки: Возникла ошибка! | Файл: C:\OSPanel\domains\new-ishop.loc\public\index.php | Строка: 10
==========
[2023-07-03 18:15:35] Текст ошибки: Возникла ошибка! | Файл: C:\OSPanel\domains\new-ishop.loc\public\index.php | Строка: 10
==========
[2023-07-03 18:15:56] Текст ошибки: Возникла ошибка! | Файл: C:\OSPanel\domains\new-ishop.loc\public\index.php | Строка: 10
==========
[2023-07-03 18:15:56] Текст ошибки: Возникла ошибка! | Файл: C:\OSPanel\domains\new-ishop.loc\public\index.php | Строка: 10
==========
[2023-07-03 18:15:59] Текст ошибки: Возникла ошибка! | Файл: C:\OSPanel\domains\new-ishop.loc\public\index.php | Строка: 10
==========
[2023-07-03 18:15:59] Текст ошибки: Возникла ошибка! | Файл: C:\OSPanel\domains\new-ishop.loc\public\index.php | Строка: 10
==========
[2023-07-03 18:16:00] Текст ошибки: Возникла ошибка! | Файл: C:\OSPanel\domains\new-ishop.loc\public\index.php | Строка: 10
==========
[2023-07-03 18:16:00] Текст ошибки: Возникла ошибка! | Файл: C:\OSPanel\domains\new-ishop.loc\public\index.php | Строка: 10
==========
[2023-07-03 18:16:00] Текст ошибки: Возникла ошибка! | Файл: C:\OSPanel\domains\new-ishop.loc\public\index.php | Строка: 10
==========
[2023-07-03 18:16:00] Текст ошибки: Возникла ошибка! | Файл: C:\OSPanel\domains\new-ishop.loc\public\index.php | Строка: 10
==========
[2023-07-03 18:16:01] Текст ошибки: Возникла ошибка! | Файл: C:\OSPanel\domains\new-ishop.loc\public\index.php | Строка: 10
==========
[2023-07-03 18:16:01] Текст ошибки: Возникла ошибка! | Файл: C:\OSPanel\domains\new-ishop.loc\public\index.php | Строка: 10
==========
[2023-07-03 18:16:01] Текст ошибки: Возникла ошибка! | Файл: C:\OSPanel\domains\new-ishop.loc\public\index.php | Строка: 10
==========
[2023-07-03 18:16:01] Текст ошибки: Возникла ошибка! | Файл: C:\OSPanel\domains\new-ishop.loc\public\index.php | Строка: 10
==========
[2023-07-03 18:16:01] Текст ошибки: Возникла ошибка! | Файл: C:\OSPanel\domains\new-ishop.loc\public\index.php | Строка: 10
==========
[2023-07-03 18:16:01] Текст ошибки: Возникла ошибка! | Файл: C:\OSPanel\domains\new-ishop.loc\public\index.php | Строка: 10
==========
[2023-07-03 18:31:54] Текст ошибки: Возникла ошибка! | Файл: C:\OSPanel\domains\new-ishop.loc\public\index.php | Строка: 10
====================
[2023-07-03 18:31:54] Текст ошибки: Возникла ошибка! | Файл: C:\OSPanel\domains\new-ishop.loc\public\index.php | Строка: 10
====================
[2023-07-03 18:33:43] Текст ошибки: Возникла ошибка! | Файл: C:\OSPanel\domains\new-ishop.loc\public\index.php | Строка: 10
====================
[2023-07-03 18:33:43] Текст ошибки: Возникла ошибка! | Файл: C:\OSPanel\domains\new-ishop.loc\public\index.php | Строка: 10
====================
[2023-07-03 18:34:15] Текст ошибки: Возникла ошибка! | Файл: C:\OSPanel\domains\new-ishop.loc\public\index.php | Строка: 10
====================
[2023-07-03 23:42:04] Текст ошибки: Страница не найдена | Файл: C:\OSPanel\domains\new-ishop.loc\vendor\wfm\Router.php | Строка: 28
====================
[2023-07-03 23:58:03] Текст ошибки: Controller app\controllers\admin\MainController not found | Файл: C:\OSPanel\domains\new-ishop.loc\vendor\wfm\Router.php | Строка: 36
====================
[2023-07-04 00:01:00] Текст ошибки: Controller app\controllers\admin\MainController not found | Файл: C:\OSPanel\domains\new-ishop.loc\vendor\wfm\Router.php | Строка: 36
====================
[2023-07-04 00:01:02] Текст ошибки: Controller app\controllers\admin\MainController not found | Файл: C:\OSPanel\domains\new-ishop.loc\vendor\wfm\Router.php | Строка: 36
====================
[2023-07-04 00:01:23] Текст ошибки: Controller app\controllers\MainController not found | Файл: C:\OSPanel\domains\new-ishop.loc\vendor\wfm\Router.php | Строка: 36
====================
[2023-07-04 00:01:54] Текст ошибки: Controller app\controllers\MainController::indexAction и метод not found | Файл: C:\OSPanel\domains\new-ishop.loc\vendor\wfm\Router.php | Строка: 33
====================
[2023-07-04 00:05:31] Текст ошибки: Namespace declaration statement has to be the very first statement or after any declare call in the script | Файл: C:\OSPanel\domains\new-ishop.loc\app\controllers\PageController.php | Строка: 4
====================
[2023-07-04 00:06:30] Текст ошибки: Namespace declaration statement has to be the very first statement or after any declare call in the script | Файл: C:\OSPanel\domains\new-ishop.loc\app\controllers\PageController.php | Строка: 4
====================
[2023-07-04 00:06:39] Текст ошибки: Namespace declaration statement has to be the very first statement or after any declare call in the script | Файл: C:\OSPanel\domains\new-ishop.loc\app\controllers\PageController.php | Строка: 4
====================
[2023-07-04 00:07:01] Текст ошибки: Namespace declaration statement has to be the very first statement or after any declare call in the script | Файл: C:\OSPanel\domains\new-ishop.loc\app\controllers\PageController.php | Строка: 4
====================
[2023-07-04 12:52:27] Текст ошибки: Cannot assign string to property wfm\Controller::$model of type object | Файл: C:\OSPanel\domains\new-ishop.loc\vendor\wfm\Controller.php | Строка: 19
====================
[2023-07-04 12:52:28] Текст ошибки: Страница не найдена | Файл: C:\OSPanel\domains\new-ishop.loc\vendor\wfm\Router.php | Строка: 55
====================
[2023-07-04 12:52:28] Текст ошибки: Страница не найдена | Файл: C:\OSPanel\domains\new-ishop.loc\vendor\wfm\Router.php | Строка: 55
====================
[2023-07-04 12:52:34] Текст ошибки: Call to undefined method app\controllers\admin\MainController::getModel() | Файл: C:\OSPanel\domains\new-ishop.loc\vendor\wfm\Router.php | Строка: 43
====================
[2023-07-04 12:55:05] Текст ошибки: Call to undefined method app\controllers\admin\MainController::getModel() | Файл: C:\OSPanel\domains\new-ishop.loc\vendor\wfm\Router.php | Строка: 43
====================
[2023-07-04 12:55:11] Текст ошибки: Cannot assign string to property wfm\Controller::$model of type object | Файл: C:\OSPanel\domains\new-ishop.loc\vendor\wfm\Controller.php | Строка: 19
====================
[2023-07-04 12:56:02] Текст ошибки: Cannot assign string to property wfm\Controller::$model of type object | Файл: C:\OSPanel\domains\new-ishop.loc\vendor\wfm\Controller.php | Строка: 19
====================
[2023-07-04 12:56:54] Текст ошибки: Cannot assign string to property wfm\Controller::$model of type object | Файл: C:\OSPanel\domains\new-ishop.loc\vendor\wfm\Controller.php | Строка: 19
====================
[2023-07-04 12:57:13] Текст ошибки: Cannot assign string to property wfm\Controller::$model of type object | Файл: C:\OSPanel\domains\new-ishop.loc\vendor\wfm\Controller.php | Строка: 19
====================
[2023-07-04 12:59:20] Текст ошибки: Cannot assign string to property wfm\Controller::$model of type object | Файл: C:\OSPanel\domains\new-ishop.loc\vendor\wfm\Controller.php | Строка: 19
====================
[2023-07-04 12:59:21] Текст ошибки: Cannot assign string to property wfm\Controller::$model of type object | Файл: C:\OSPanel\domains\new-ishop.loc\vendor\wfm\Controller.php | Строка: 19
====================
[2023-07-04 12:59:22] Текст ошибки: Cannot assign string to property wfm\Controller::$model of type object | Файл: C:\OSPanel\domains\new-ishop.loc\vendor\wfm\Controller.php | Строка: 19
====================
[2023-07-04 12:59:22] Текст ошибки: Cannot assign string to property wfm\Controller::$model of type object | Файл: C:\OSPanel\domains\new-ishop.loc\vendor\wfm\Controller.php | Строка: 19
====================
[2023-07-04 12:59:22] Текст ошибки: Cannot assign string to property wfm\Controller::$model of type object | Файл: C:\OSPanel\domains\new-ishop.loc\vendor\wfm\Controller.php | Строка: 19
====================
[2023-07-04 12:59:22] Текст ошибки: Cannot assign string to property wfm\Controller::$model of type object | Файл: C:\OSPanel\domains\new-ishop.loc\vendor\wfm\Controller.php | Строка: 19
====================
[2023-07-04 12:59:22] Текст ошибки: Cannot assign string to property wfm\Controller::$model of type object | Файл: C:\OSPanel\domains\new-ishop.loc\vendor\wfm\Controller.php | Строка: 19
====================
[2023-07-04 13:40:19] Текст ошибки: Cannot assign string to property wfm\Controller::$model of type object | Файл: C:\OSPanel\domains\new-ishop.loc\vendor\wfm\Controller.php | Строка: 19
====================
[2023-07-04 13:40:20] Текст ошибки: Страница не найдена | Файл: C:\OSPanel\domains\new-ishop.loc\vendor\wfm\Router.php | Строка: 55
====================
[2023-07-04 13:40:20] Текст ошибки: Страница не найдена | Файл: C:\OSPanel\domains\new-ishop.loc\vendor\wfm\Router.php | Строка: 55
====================
[2023-07-04 13:40:24] Текст ошибки: Cannot assign string to property wfm\Controller::$model of type object | Файл: C:\OSPanel\domains\new-ishop.loc\vendor\wfm\Controller.php | Строка: 19
====================
[2023-07-04 14:31:27] Текст ошибки: Undefined variable $getView | Файл: C:\OSPanel\domains\new-ishop.loc\vendor\wfm\Router.php | Строка: 48
====================
[2023-07-04 14:33:57] Текст ошибки: Undefined variable $getView | Файл: C:\OSPanel\domains\new-ishop.loc\vendor\wfm\Router.php | Строка: 48
====================
[2023-07-04 14:33:59] Текст ошибки: Undefined variable $getView | Файл: C:\OSPanel\domains\new-ishop.loc\vendor\wfm\Router.php | Строка: 48
====================
[2023-07-04 14:41:49] Текст ошибки: Undefined variable $getView | Файл: C:\OSPanel\domains\new-ishop.loc\vendor\wfm\Router.php | Строка: 48
====================
[2023-07-04 15:40:45] Текст ошибки: Не найден вид C:\OSPanel\domains\new-ishop.loc/app/view/Main/index.php | Файл: C:\OSPanel\domains\new-ishop.loc\vendor\wfm\View.php | Строка: 30
====================
[2023-07-04 15:41:51] Текст ошибки: Не найден вид C:\OSPanel\domains\new-ishop.loc/app/view/Main/index.php | Файл: C:\OSPanel\domains\new-ishop.loc\vendor\wfm\View.php | Строка: 30
====================
[2023-07-04 15:42:59] Текст ошибки: Не найден вид C:\OSPanel\domains\new-ishop.loc/app/view/Main/index.php | Файл: C:\OSPanel\domains\new-ishop.loc\vendor\wfm\View.php | Строка: 30
====================
[2023-07-04 15:54:11] Текст ошибки: Не найден шаблон C:\OSPanel\domains\new-ishop.loc/app/views/layoutsishop.php | Файл: C:\OSPanel\domains\new-ishop.loc\vendor\wfm\View.php | Строка: 39
====================
[2023-07-04 15:54:54] Текст ошибки: Не найден шаблон C:\OSPanel\domains\new-ishop.loc/app/views/layouts/ishop.php | Файл: C:\OSPanel\domains\new-ishop.loc\vendor\wfm\View.php | Строка: 39
====================
[2023-07-04 21:47:49] Текст ошибки: Страница не найдена | Файл: C:\OSPanel\domains\new-ishop.loc\vendor\wfm\Router.php | Строка: 56
====================
[2023-07-04 21:47:49] Текст ошибки: Страница не найдена | Файл: C:\OSPanel\domains\new-ishop.loc\vendor\wfm\Router.php | Строка: 56
====================
[2023-07-05 00:20:40] Текст ошибки: Class "wfm\Model" not found | Файл: C:\OSPanel\domains\new-ishop.loc\app\models\Main.php | Строка: 7
====================
[2023-07-05 00:22:36] Текст ошибки: require_once(C:\OSPanel\domains\new-ishop.loc/configconfig_db.php): Failed to open stream: No such file or directory | Файл: C:\OSPanel\domains\new-ishop.loc\vendor\wfm\Db.php | Строка: 13
====================
[2023-07-05 01:39:06] Текст ошибки: Call to undefined method wfm\View::getDatabase() | Файл: C:\OSPanel\domains\new-ishop.loc\app\views\Layouts\ishop.php | Строка: 20
====================
[2023-07-05 01:55:29] Текст ошибки: Call to undefined method wfm\View::getPart() | Файл: C:\OSPanel\domains\new-ishop.loc\app\views\Layouts\ishop.php | Строка: 8
====================
[2023-07-05 01:56:20] Текст ошибки: Call to undefined method wfm\View::getPart() | Файл: C:\OSPanel\domains\new-ishop.loc\app\views\Layouts\ishop.php | Строка: 8
====================
[2023-07-05 11:14:36] Текст ошибки: Страница не найдена | Файл: C:\OSPanel\domains\new-ishop.loc\vendor\wfm\Router.php | Строка: 56
====================
[2023-07-05 11:14:37] Текст ошибки: Страница не найдена | Файл: C:\OSPanel\domains\new-ishop.loc\vendor\wfm\Router.php | Строка: 56
====================
[2023-07-05 14:40:30] Текст ошибки: Страница не найдена | Файл: C:\OSPanel\domains\new-ishop.loc\vendor\wfm\Router.php | Строка: 56
====================
[2023-07-05 14:40:30] Текст ошибки: Страница не найдена | Файл: C:\OSPanel\domains\new-ishop.loc\vendor\wfm\Router.php | Строка: 56
====================
[2023-07-05 14:40:30] Текст ошибки: Страница не найдена | Файл: C:\OSPanel\domains\new-ishop.loc\vendor\wfm\Router.php | Строка: 56
====================
[2023-07-05 14:40:30] Текст ошибки: Страница не найдена | Файл: C:\OSPanel\domains\new-ishop.loc\vendor\wfm\Router.php | Строка: 56
====================
[2023-07-05 14:40:30] Текст ошибки: Страница не найдена | Файл: C:\OSPanel\domains\new-ishop.loc\vendor\wfm\Router.php | Строка: 56
====================
[2023-07-05 14:40:30] Текст ошибки: Страница не найдена | Файл: C:\OSPanel\domains\new-ishop.loc\vendor\wfm\Router.php | Строка: 56
====================
[2023-07-05 14:40:30] Текст ошибки: Страница не найдена | Файл: C:\OSPanel\domains\new-ishop.loc\vendor\wfm\Router.php | Строка: 56
====================
[2023-07-05 14:40:30] Текст ошибки: Страница не найдена | Файл: C:\OSPanel\domains\new-ishop.loc\vendor\wfm\Router.php | Строка: 56
====================
[2023-07-05 14:40:30] Текст ошибки: Страница не найдена | Файл: C:\OSPanel\domains\new-ishop.loc\vendor\wfm\Router.php | Строка: 56
====================
[2023-07-05 14:40:30] Текст ошибки: Страница не найдена | Файл: C:\OSPanel\domains\new-ishop.loc\vendor\wfm\Router.php | Строка: 56
====================
[2023-07-05 14:40:30] Текст ошибки: Страница не найдена | Файл: C:\OSPanel\domains\new-ishop.loc\vendor\wfm\Router.php | Строка: 56
====================
[2023-07-05 14:40:30] Текст ошибки: Страница не найдена | Файл: C:\OSPanel\domains\new-ishop.loc\vendor\wfm\Router.php | Строка: 56
====================
[2023-07-05 14:40:30] Текст ошибки: Страница не найдена | Файл: C:\OSPanel\domains\new-ishop.loc\vendor\wfm\Router.php | Строка: 56
====================
[2023-07-05 14:40:30] Текст ошибки: Страница не найдена | Файл: C:\OSPanel\domains\new-ishop.loc\vendor\wfm\Router.php | Строка: 56
====================
